<?xml version="1.0" encoding="UTF-8"?>
<testsuite name="Busqueda de personaje por barra" tests="2" skipped="0" failures="0" errors="0" timestamp="2025-09-24T07:00:37" hostname="DANA-CHAPARRO" time="60.755">
  <properties/>
  <testcase name="Busqueda exitosa de un personaje" classname="Busqueda de personaje por barra" time="33.332"/>
  <testcase name="Personaje no existe" classname="Busqueda de personaje por barra" time="27.423"/>
  <system-out><![CDATA[
Escenario: Busqueda exitosa de un personaje                                                ?[90m# src/test/resources/features/busqueda_personaje_barra.feature:10?[0m
  ?[32mDado ?[0m?[32mque el usuario ha iniciado sesion con usuario ?[0m?[32m?[1m"dana@test.com"?[0m?[32m y contrasena ?[0m?[32m?[1m"123456"?[0m ?[90m# com.pragma.marvel.stepdefinition.LoginGStepDefinition.usuarioHaIniciadoSesion(java.lang.String,java.lang.String)?[0m
  ?[32mCuando ?[0m?[32mel usuario busca el personaje ?[0m?[32m?[1m"aqua"?[0m                                              ?[90m# com.pragma.marvel.stepdefinition.BuscarPersonajesListaStepDefinition.elUsuarioBuscaElPersonaje(java.lang.String)?[0m
  ?[32mEntonces ?[0m?[32mel usuario ve los personajes buscados?[0m                                           ?[90m# com.pragma.marvel.stepdefinition.BuscarPersonajesListaStepDefinition.elUsuarioVeLosPersonajesBuscados()?[0m

Escenario: Personaje no existe                                                             ?[90m# src/test/resources/features/busqueda_personaje_barra.feature:14?[0m
  ?[32mDado ?[0m?[32mque el usuario ha iniciado sesion con usuario ?[0m?[32m?[1m"dana@test.com"?[0m?[32m y contrasena ?[0m?[32m?[1m"123456"?[0m ?[90m# com.pragma.marvel.stepdefinition.LoginGStepDefinition.usuarioHaIniciadoSesion(java.lang.String,java.lang.String)?[0m
  ?[32mCuando ?[0m?[32mel usuario busca el personaje ?[0m?[32m?[1m"capitan"?[0m                                           ?[90m# com.pragma.marvel.stepdefinition.BuscarPersonajesListaStepDefinition.elUsuarioBuscaElPersonaje(java.lang.String)?[0m
  ?[32mEntonces ?[0m?[32mel usuario ve que el personaje no existe?[0m                                        ?[90m# com.pragma.marvel.stepdefinition.BuscarPersonajesListaStepDefinition.elUsuarioVeQueElPersonajeNoExiste()?[0m
]]></system-out>
  <system-err><![CDATA[]]></system-err>
</testsuite>
